C51 COMPILER V9.57.0.0   DELAY                                                             05/25/2023 11:06:50 PAGE 1   


C51 COMPILER V9.57.0.0, COMPILATION OF MODULE DELAY
OBJECT MODULE PLACED IN .\OUT\delay.obj
COMPILER INVOKED BY: C:\Keil_v5\C51\BIN\C51.EXE USE\delay.c OPTIMIZE(8,SPEED) BROWSE DEBUG OBJECTEXTEND PRINT(.\LIST\del
                    -ay.lst) TABS(2) OBJECT(.\OUT\delay.obj)

line level    source

   1          #include "delay.h"
   2          
   3          void DelayUs2x(unsigned char t)
   4          {   
   5   1       while(--t);
   6   1      }
   7          
   8          void DelayMs(unsigned int t)
   9          {
  10   1           
  11   1       while(t--)
  12   1       {
  13   2           //¥Û÷¬—” ±1mS
  14   2           DelayUs2x(245);
  15   2         DelayUs2x(245);
  16   2       }
  17   1      }


MODULE INFORMATION:   STATIC OVERLAYABLE
   CODE SIZE        =     30    ----
   CONSTANT SIZE    =   ----    ----
   XDATA SIZE       =   ----    ----
   PDATA SIZE       =   ----    ----
   DATA SIZE        =   ----    ----
   IDATA SIZE       =   ----    ----
   BIT SIZE         =   ----    ----
END OF MODULE INFORMATION.


C51 COMPILATION COMPLETE.  0 WARNING(S),  0 ERROR(S)
